This is XeTeX, Version 3.14159265-2.6-0.99996 (TeX Live 2016/Debian) (preloaded format=xelatex 2017.9.28)  12 NOV 2017 10:34
entering extended mode
 restricted \write18 enabled.
 %&-line parsing enabled.
**hm2.tex
(./hm2.tex
LaTeX2e <2017/01/01> patch level 3
Babel <3.9r> and hyphenation patterns for 12 language(s) loaded.

! LaTeX Error: Missing \begin{document}.

See the LaTeX manual or LaTeX Companion for explanation.
Type  H <return>  for immediate help.
 ...                                              
                                                  
l.5 \begin{frame}[
                  plain]{ 双筋矩形截面梁题1 } \vspace{-0.1em}
? x
 
Here is how much of TeX's memory you used:
 5 strings out of 494711
 159 string characters out of 6172653
 48758 words of memory out of 5000000
 3909 multiletter control sequences out of 15000+600000
 3640 words of font info for 14 fonts, out of 8000000 for 9000
 264 hyphenation exceptions out of 8191
 7i,0n,5p,67b,20s stack positions out of 5000i,500n,10000p,200000b,80000s
No pages of output.
